#
# A fatal error has been detected by the Java Runtime Environment:
#
#  EXCEPTION_ACCESS_VIOLATION (0xc0000005) at pc=0x00007ff9f48e64ec, pid=3008, tid=13900
#
# JRE version: Java(TM) SE Runtime Environment (17.0+35) (build 17+35-LTS-2724)
# Java VM: Java HotSpot(TM) 64-Bit Server VM (17+35-LTS-2724, mixed mode, sharing, tiered, compressed oops, compressed class ptrs, g1 gc, windows-amd64)
# Problematic frame:
# C  [lwjgl_stb.dll+0x364ec]
#
# No core dump will be written. Minidumps are not enabled by default on client versions of Windows
#
# If you would like to submit a bug report, please visit:
#   https://bugreport.java.com/bugreport/crash.jsp
# The crash happened outside the Java Virtual Machine in native code.
# See problematic frame for where to report the bug.
#

---------------  S U M M A R Y ------------

Command Line: -XX:+UnlockExperimentalVMOptions -XX:+UseG1GC -XX:G1NewSizePercent=20 -XX:G1ReservePercent=20 -XX:MaxGCPauseMillis=50 -XX:G1HeapRegionSize=32M -Xms512m -Xmx3G -Dfile.encoding=windows-1250 -Duser.country=PL -Duser.language=pl -Duser.variant StartClient -dev 1 -mod build/jar/

Host: AMD Ryzen 5 3550H with Radeon Vega Mobile Gfx  , 8 cores, 15G,  Windows 10 , 64 bit Build 19041 (10.0.19041.3636)
Time: Wed Feb 21 12:43:17 2024  Windows 10 , 64 bit Build 19041 (10.0.19041.3636) elapsed time: 140.988381 seconds (0d 0h 2m 20s)

---------------  T H R E A D  ---------------

Current thread (0x000001f4991f7f30):  JavaThread "music-streamer" [_thread_in_native, id=13900, stack(0x000000e6ff100000,0x000000e6ff200000)]

Stack: [0x000000e6ff100000,0x000000e6ff200000],  sp=0x000000e6ff1feec0,  free space=1019k
Native frames: (J=compiled Java code, j=interpreted, Vv=VM code, C=native code)
C  [lwjgl_stb.dll+0x364ec]

Java frames: (J=compiled Java code, j=interpreted, Vv=VM code)
j  org.lwjgl.stb.STBVorbis.nstb_vorbis_get_samples_short_interleaved(JIJI)I+0
j  org.lwjgl.stb.STBVorbis.stb_vorbis_get_samples_short_interleaved(JILjava/nio/ShortBuffer;)I+21
j  necesse.gfx.gameSound.ResourceGameSoundStreamer.lambda$getNextBuffers$0(IILnecesse/gfx/gameSound/GameSoundStreamer$BufferHandler;)V+73
j  necesse.gfx.gameSound.ResourceGameSoundStreamer$$Lambda$1704+0x000000080137f700.run()V+16
J 14825 c2 java.util.concurrent.Executors$RunnableAdapter.call()Ljava/lang/Object; java.base@17 (14 bytes) @ 0x000001f44f3e34cc [0x000001f44f3e3480+0x000000000000004c]
J 12055 c2 java.util.concurrent.FutureTask.run()V java.base@17 (123 bytes) @ 0x000001f44f1eb710 [0x000001f44f1eb640+0x00000000000000d0]
j  java.util.concurrent.ThreadPoolExecutor.runWorker(Ljava/util/concurrent/ThreadPoolExecutor$Worker;)V+92 java.base@17
j  java.util.concurrent.ThreadPoolExecutor$Worker.run()V+5 java.base@17
j  java.lang.Thread.run()V+11 java.base@17
v  ~StubRoutines::call_stub

siginfo: EXCEPTION_ACCESS_VIOLATION (0xc0000005), reading address 0x000001f46ed75168


Register to memory mapping:

RIP=0x00007ff9f48e64ec lwjgl_stb.dll
RAX=0x000001f46ed75168 is an unknown value
RBX=0x000001f4349a56e0 points into unknown readable memory: 0x000000020000bb80 | 80 bb 00 00 02 00 00 00
RCX=0x000000000000000d is an unknown value
RDX=0x000000000000000d is an unknown value
RSP=0x000000e6ff1feec0 is pointing into the stack for thread: 0x000001f4991f7f30
RBP=0x000000000003a980 is an unknown value
RSI=0x0000000000000001 is an unknown value
RDI=0x0000000000000001 is an unknown value
R8 =0x00000000ffffffff is an unknown value
R9 =0x000000e6ff1fef84 is pointing into the stack for thread: 0x000001f4991f7f30
R10=0x0000000000000002 is an unknown value
R11=0x0000000000000002 is an unknown value
R12=0x000000e6ff1fef88 is pointing into the stack for thread: 0x000001f4991f7f30
R13=0x000000e6ff1fefb0 is pointing into the stack for thread: 0x000001f4991f7f30
R14=0x000001f48d006b3c points into unknown readable memory: 00 00 00 00
R15=0x000000e6ff1fef84 is pointing into the stack for thread: 0x000001f4991f7f30


Registers:
RAX=0x000001f46ed75168, RBX=0x000001f4349a56e0, RCX=0x000000000000000d, RDX=0x000000000000000d
RSP=0x000000e6ff1feec0, RBP=0x000000000003a980, RSI=0x0000000000000001, RDI=0x0000000000000001
R8 =0x00000000ffffffff, R9 =0x000000e6ff1fef84, R10=0x0000000000000002, R11=0x0000000000000002
R12=0x000000e6ff1fef88, R13=0x000000e6ff1fefb0, R14=0x000001f48d006b3c, R15=0x000000e6ff1fef84
RIP=0x00007ff9f48e64ec, EFLAGS=0x0000000000010287

Top of Stack: (sp=0x000000e6ff1feec0)
0x000000e6ff1feec0:   000000000003a980 0000000000000000
0x000000e6ff1feed0:   0000000000000000 000001f400000800
0x000000e6ff1feee0:   0000000000000000 00007ff9f48e9edd
0x000000e6ff1feef0:   0000000000000000 000001f4349a56e0
0x000000e6ff1fef00:   000001f4a8c0fce8 0000000000000000
0x000000e6ff1fef10:   0000000000000002 000001f4a8c0fce8
0x000000e6ff1fef20:   0000000000000000 000000e6ff1fefe0
0x000000e6ff1fef30:   000001f4349a56e0 00007ff9f48ef74b
0x000000e6ff1fef40:   000001f400000002 000000e600000640
0x000000e6ff1fef50:   000001f400000000 00000000000005c0
0x000000e6ff1fef60:   000000e6ff1fef80 000000e6ff1fefc8
0x000000e6ff1fef70:   000001f400000640 000000e6ff1fefb0
0x000000e6ff1fef80:   000005c000000640 0000064000000400
0x000000e6ff1fef90:   00000000000005c0 000001f4349a56e0
0x000000e6ff1fefa0:   0000000000034f53 00007ff9f48f0c2c
0x000000e6ff1fefb0:   000001f443c02eb8 000000000003a980 

Instructions: (pc=0x00007ff9f48e64ec)
0x00007ff9f48e63ec:   43 40 48 85 c0 74 0f 48 3b 43 50 73 17 48 ff c0
0x00007ff9f48e63fc:   48 89 43 40 eb be 48 8b 4b 30 e8 25 04 01 00 83
0x00007ff9f48e640c:   f8 ff 75 b0 c7 83 98 00 00 00 01 00 00 00 eb a4
0x00007ff9f48e641c:   48 83 c4 20 5b c3 cc cc cc cc cc cc cc cc cc cc
0x00007ff9f48e642c:   cc cc cc cc 48 89 5c 24 10 56 48 83 ec 20 8b 81
0x00007ff9f48e643c:   f8 06 00 00 8b f2 48 8b d9 85 c0 79 0d 33 c0 48
0x00007ff9f48e644c:   8b 5c 24 38 48 83 c4 20 5e c3 48 89 7c 24 30 bf
0x00007ff9f48e645c:   01 00 00 00 3b c6 0f 8d cc 00 00 00 83 fe 18 7e
0x00007ff9f48e646c:   2a 8d 57 17 e8 bb ff ff ff 8d 56 e8 48 8b cb 8b
0x00007ff9f48e647c:   f8 e8 ae ff ff ff c1 e0 18 03 c7 48 8b 7c 24 30
0x00007ff9f48e648c:   48 8b 5c 24 38 48 83 c4 20 5e c3 85 c0 75 06 89
0x00007ff9f48e649c:   81 f4 06 00 00 80 bb e4 06 00 00 00 75 1d 83 bb
0x00007ff9f48e64ac:   ec 06 00 00 00 0f 85 b1 00 00 00 48 8b cb e8 11
0x00007ff9f48e64bc:   fd ff ff 85 c0 0f 84 a1 00 00 00 fe 8b e4 06 00
0x00007ff9f48e64cc:   00 ff 83 fc 06 00 00 48 8b 43 40 48 85 c0 74 1e
0x00007ff9f48e64dc:   48 3b 43 50 72 0a 89 bb 98 00 00 00 33 c0 eb 29
0x00007ff9f48e64ec:   0f b6 08 48 ff c0 48 89 43 40 8b c1 eb 1b 48 8b
0x00007ff9f48e64fc:   4b 30 e8 2d 03 01 00 83 f8 ff 75 0a 89 bb 98 00
0x00007ff9f48e650c:   00 00 33 c0 eb 03 0f b6 c0 8b 8b f8 06 00 00 d3
0x00007ff9f48e651c:   e0 01 83 f4 06 00 00 8d 41 08 89 83 f8 06 00 00
0x00007ff9f48e652c:   3b c6 0f 8c 6d ff ff ff 44 8b 83 f4 06 00 00 2b
0x00007ff9f48e653c:   c6 8b ce 89 83 f8 06 00 00 d3 e7 41 8b d0 d3 ea
0x00007ff9f48e654c:   89 93 f4 06 00 00 8d 47 ff 48 8b 7c 24 30 41 23
0x00007ff9f48e655c:   c0 48 8b 5c 24 38 48 83 c4 20 5e c3 48 8b 7c 24
0x00007ff9f48e656c:   30 33 c0 c7 83 f8 06 00 00 ff ff ff ff 48 8b 5c
0x00007ff9f48e657c:   24 38 48 83 c4 20 5e c3 cc cc cc cc cc cc cc cc
0x00007ff9f48e658c:   cc cc cc cc 48 89 5c 24 18 57 48 83 ec 20 8b 81
0x00007ff9f48e659c:   f8 06 00 00 48 8b fa 48 8b d9 83 f8 18 0f 8f b7
0x00007ff9f48e65ac:   00 00 00 85 c0 75 0d 89 81 f4 06 00 00 0f 1f 80
0x00007ff9f48e65bc:   00 00 00 00 8b 83 ec 06 00 00 85 c0 74 09 80 bb
0x00007ff9f48e65cc:   e4 06 00 00 00 eb 1b 80 bb e4 06 00 00 00 75 14
0x00007ff9f48e65dc:   85 c0 0f 85 82 00 00 00 48 8b cb e8 e4 fb ff ff 


Stack slot to memory mapping:
stack at sp + 0 slots: 0x000000000003a980 is an unknown value
stack at sp + 1 slots: 0x0 is NULL
stack at sp + 2 slots: 0x0 is NULL
stack at sp + 3 slots: 0x000001f400000800 points into unknown readable memory: 0x0e00b80003220017 | 17 00 22 03 00 b8 00 0e
stack at sp + 4 slots: 0x0 is NULL
stack at sp + 5 slots: 0x00007ff9f48e9edd lwjgl_stb.dll
stack at sp + 6 slots: 0x0 is NULL
stack at sp + 7 slots: 0x000001f4349a56e0 points into unknown readable memory: 0x000000020000bb80 | 80 bb 00 00 02 00 00 00


---------------  P R O C E S S  ---------------

Threads class SMR info:
_java_thread_list=0x000001f499539a00, length=14, elements={
0x000001f43f905350, 0x000001f45fff21b0, 0x000001f45fff2d30, 0x000001f460008ab0,
0x000001f460009370, 0x000001f46000a240, 0x000001f46000ab00, 0x000001f46001c450,
0x000001f46001fd70, 0x000001f46002ae50, 0x000001f460c8b060, 0x000001f460c8f5a0,
0x000001f4991f7f30, 0x000001f461c36670
}

Java Threads: ( => current thread )
  0x000001f43f905350 JavaThread "main" [_thread_blocked, id=2756, stack(0x000000e6fb200000,0x000000e6fb300000)]
  0x000001f45fff21b0 JavaThread "Reference Handler" daemon [_thread_blocked, id=1436, stack(0x000000e6fb900000,0x000000e6fba00000)]
  0x000001f45fff2d30 JavaThread "Finalizer" daemon [_thread_blocked, id=8720, stack(0x000000e6fba00000,0x000000e6fbb00000)]
  0x000001f460008ab0 JavaThread "Signal Dispatcher" daemon [_thread_blocked, id=9812, stack(0x000000e6fbb00000,0x000000e6fbc00000)]
  0x000001f460009370 JavaThread "Attach Listener" daemon [_thread_blocked, id=5944, stack(0x000000e6fbc00000,0x000000e6fbd00000)]
  0x000001f46000a240 JavaThread "Service Thread" daemon [_thread_blocked, id=14040, stack(0x000000e6fbd00000,0x000000e6fbe00000)]
  0x000001f46000ab00 JavaThread "Monitor Deflation Thread" daemon [_thread_blocked, id=10724, stack(0x000000e6fbe00000,0x000000e6fbf00000)]
  0x000001f46001c450 JavaThread "C2 CompilerThread0" daemon [_thread_blocked, id=8788, stack(0x000000e6fbf00000,0x000000e6fc000000)]
  0x000001f46001fd70 JavaThread "C1 CompilerThread0" daemon [_thread_blocked, id=4972, stack(0x000000e6fc000000,0x000000e6fc100000)]
  0x000001f46002ae50 JavaThread "Sweeper thread" daemon [_thread_blocked, id=2548, stack(0x000000e6fc100000,0x000000e6fc200000)]
  0x000001f460c8b060 JavaThread "Notification Thread" daemon [_thread_blocked, id=12804, stack(0x000000e6fc200000,0x000000e6fc300000)]
  0x000001f460c8f5a0 JavaThread "Common-Cleaner" daemon [_thread_blocked, id=13168, stack(0x000000e6fc400000,0x000000e6fc500000)]
=>0x000001f4991f7f30 JavaThread "music-streamer" [_thread_in_native, id=13900, stack(0x000000e6ff100000,0x000000e6ff200000)]
  0x000001f461c36670 JavaThread "C2 CompilerThread1" daemon [_thread_blocked, id=8032, stack(0x000000e6fb000000,0x000000e6fb100000)]

Other Threads:
  0x000001f45ffed7a0 VMThread "VM Thread" [stack: 0x000000e6fb800000,0x000000e6fb900000] [id=8156]
  0x000001f43f949ac0 WatcherThread [stack: 0x000000e6fc300000,0x000000e6fc400000] [id=2964]
  0x000001f43f940d80 GCTaskThread "GC Thread#0" [stack: 0x000000e6fb300000,0x000000e6fb400000] [id=6268]
  0x000001f46f7b8790 GCTaskThread "GC Thread#1" [stack: 0x000000e6fd000000,0x000000e6fd100000] [id=10200]
  0x000001f46f7b8230 GCTaskThread "GC Thread#2" [stack: 0x000000e6fd500000,0x000000e6fd600000] [id=4152]
  0x000001f46f7b9250 GCTaskThread "GC Thread#3" [stack: 0x000000e6fd600000,0x000000e6fd700000] [id=9708]
  0x000001f46f7b84e0 GCTaskThread "GC Thread#4" [stack: 0x000000e6fd700000,0x000000e6fd800000] [id=13164]
  0x000001f46f7b97b0 GCTaskThread "GC Thread#5" [stack: 0x000000e6fd800000,0x000000e6fd900000] [id=8704]
  0x000001f46f7b8a40 GCTaskThread "GC Thread#6" [stack: 0x000000e6fd900000,0x000000e6fda00000] [id=1344]
  0x000001f46f7b8cf0 GCTaskThread "GC Thread#7" [stack: 0x000000e6fda00000,0x000000e6fdb00000] [id=13704]
  0x000001f43f9426d0 ConcurrentGCThread "G1 Main Marker" [stack: 0x000000e6fb400000,0x000000e6fb500000] [id=1320]
  0x000001f43f942ef0 ConcurrentGCThread "G1 Conc#0" [stack: 0x000000e6fb500000,0x000000e6fb600000] [id=12668]
  0x000001f46f717c90 ConcurrentGCThread "G1 Conc#1" [stack: 0x000000e6fe200000,0x000000e6fe300000] [id=9368]
  0x000001f43f9d2be0 ConcurrentGCThread "G1 Refine#0" [stack: 0x000000e6fb600000,0x000000e6fb700000] [id=9960]
  0x000001f46f771ca0 ConcurrentGCThread "G1 Refine#1" [stack: 0x000000e6fdb00000,0x000000e6fdc00000] [id=11128]
  0x000001f47cc60090 ConcurrentGCThread "G1 Refine#2" [stack: 0x000000e6fdc00000,0x000000e6fdd00000] [id=6416]
  0x000001f4627660c0 ConcurrentGCThread "G1 Refine#3" [stack: 0x000000e6fdd00000,0x000000e6fde00000] [id=8168]
  0x000001f4625f5e20 ConcurrentGCThread "G1 Refine#4" [stack: 0x000000e6fde00000,0x000000e6fdf00000] [id=8456]
  0x000001f4682adc70 ConcurrentGCThread "G1 Refine#5" [stack: 0x000000e6fdf00000,0x000000e6fe000000] [id=10688]
  0x000001f43f9d3410 ConcurrentGCThread "G1 Service" [stack: 0x000000e6fb700000,0x000000e6fb800000] [id=9608]

Threads with active compile tasks:

VM state: not at safepoint (normal execution)

VM Mutex/Monitor currently owned by a thread: None

Heap address: 0x0000000740000000, size: 3072 MB, Compressed Oops mode: Zero based, Oop shift amount: 3

CDS archive(s) mapped at: [0x0000000800000000-0x0000000800bc0000-0x0000000800bc0000), size 12320768, SharedBaseAddress: 0x0000000800000000, ArchiveRelocationMode: 0.
Compressed class space mapped at: 0x0000000800c00000-0x0000000840c00000, reserved size: 1073741824
Narrow klass base: 0x0000000800000000, Narrow klass shift: 0, Narrow klass range: 0x100000000

GC Precious Log:
 CPUs: 8 total, 8 available
 Memory: 16192M
 Large Page Support: Disabled
 NUMA Support: Disabled
 Compressed Oops: Enabled (Zero based)
 Heap Region Size: 32M
 Heap Min Capacity: 512M
 Heap Initial Capacity: 512M
 Heap Max Capacity: 3G
 Pre-touch: Disabled
 Parallel Workers: 8
 Concurrent Workers: 2
 Concurrent Refinement Workers: 8
 Periodic GC: Disabled

Heap:
 garbage-first heap   total 983040K, used 437858K [0x0000000740000000, 0x0000000800000000)
  region size 32768K, 11 young (360448K), 1 survivors (32768K)
 Metaspace       used 54138K, committed 54912K, reserved 1097728K
  class space    used 8340K, committed 8704K, reserved 1048576K

Heap Regions: E=young(eden), S=young(survivor), O=old, HS=humongous(starts), HC=humongous(continues), CS=collection set, F=free, OA=open archive, CA=closed archive, TAMS=top-at-mark-start (previous, next)
|   0|0x0000000740000000, 0x0000000742000000, 0x0000000742000000|100%| O|  |TAMS 0x0000000742000000, 0x0000000740000000| Untracked 
|   1|0x0000000742000000, 0x0000000744000000, 0x0000000744000000|100%| O|  |TAMS 0x0000000742a45400, 0x0000000742000000| Untracked 
|   2|0x0000000744000000, 0x0000000746000000, 0x0000000746000000|100%| O|  |TAMS 0x0000000744000000, 0x0000000744000000| Untracked 
|   3|0x0000000746000000, 0x0000000747878e00, 0x0000000748000000| 76%| O|  |TAMS 0x0000000746000000, 0x0000000746000000| Untracked 
|   4|0x0000000748000000, 0x0000000748000000, 0x000000074a000000|  0%| F|  |TAMS 0x0000000748000000, 0x0000000748000000| Untracked 
|   5|0x000000074a000000, 0x000000074a000000, 0x000000074c000000|  0%| F|  |TAMS 0x000000074a000000, 0x000000074a000000| Untracked 
|   6|0x000000074c000000, 0x000000074c000000, 0x000000074e000000|  0%| F|  |TAMS 0x000000074c000000, 0x000000074c000000| Untracked 
|   7|0x000000074e000000, 0x000000074e000000, 0x0000000750000000|  0%| F|  |TAMS 0x000000074e000000, 0x000000074e000000| Untracked 
|   8|0x0000000750000000, 0x0000000750000000, 0x0000000752000000|  0%| F|  |TAMS 0x0000000750000000, 0x0000000750000000| Untracked 
|   9|0x0000000752000000, 0x0000000752000000, 0x0000000754000000|  0%| F|  |TAMS 0x0000000752000000, 0x0000000752000000| Untracked 
|  10|0x0000000754000000, 0x0000000754000000, 0x0000000756000000|  0%| F|  |TAMS 0x0000000754000000, 0x0000000754000000| Untracked 
|  11|0x0000000756000000, 0x0000000756000000, 0x0000000758000000|  0%| F|  |TAMS 0x0000000756000000, 0x0000000756000000| Untracked 
|  12|0x0000000758000000, 0x000000075931fce0, 0x000000075a000000| 59%| S|CS|TAMS 0x0000000758000000, 0x0000000758000000| Complete 
|  13|0x000000075a000000, 0x000000075a000000, 0x000000075c000000|  0%| F|  |TAMS 0x000000075a000000, 0x000000075a000000| Untracked 
|  14|0x000000075c000000, 0x000000075c000000, 0x000000075e000000|  0%| F|  |TAMS 0x000000075c000000, 0x000000075c000000| Untracked 
|  15|0x000000075e000000, 0x000000075e000000, 0x0000000760000000|  0%| F|  |TAMS 0x000000075e000000, 0x000000075e000000| Untracked 
|  16|0x0000000760000000, 0x0000000760000000, 0x0000000762000000|  0%| F|  |TAMS 0x0000000760000000, 0x0000000760000000| Untracked 
|  17|0x0000000762000000, 0x0000000762000000, 0x0000000764000000|  0%| F|  |TAMS 0x0000000762000000, 0x0000000762000000| Untracked 
|  18|0x0000000764000000, 0x0000000764000000, 0x0000000766000000|  0%| F|  |TAMS 0x0000000764000000, 0x0000000764000000| Untracked 
|  19|0x0000000766000000, 0x0000000766000000, 0x0000000768000000|  0%| F|  |TAMS 0x0000000766000000, 0x0000000766000000| Untracked 
|  20|0x0000000768000000, 0x00000007691c2740, 0x000000076a000000| 55%| E|  |TAMS 0x0000000768000000, 0x0000000768000000| Complete 
|  21|0x000000076a000000, 0x000000076c000000, 0x000000076c000000|100%| E|CS|TAMS 0x000000076a000000, 0x000000076a000000| Complete 
|  22|0x000000076c000000, 0x000000076e000000, 0x000000076e000000|100%| E|CS|TAMS 0x000000076c000000, 0x000000076c000000| Complete 
|  23|0x000000076e000000, 0x0000000770000000, 0x0000000770000000|100%| E|CS|TAMS 0x000000076e000000, 0x000000076e000000| Complete 
|  24|0x0000000770000000, 0x0000000772000000, 0x0000000772000000|100%| E|CS|TAMS 0x0000000770000000, 0x0000000770000000| Complete 
|  25|0x0000000772000000, 0x0000000774000000, 0x0000000774000000|100%| E|CS|TAMS 0x0000000772000000, 0x0000000772000000| Complete 
|  26|0x0000000774000000, 0x0000000776000000, 0x0000000776000000|100%| E|CS|TAMS 0x0000000774000000, 0x0000000774000000| Complete 
|  27|0x0000000776000000, 0x0000000778000000, 0x0000000778000000|100%| E|CS|TAMS 0x0000000776000000, 0x0000000776000000| Complete 
|  28|0x0000000778000000, 0x000000077a000000, 0x000000077a000000|100%| E|CS|TAMS 0x0000000778000000, 0x0000000778000000| Complete 
|  29|0x000000077a000000, 0x000000077c000000, 0x000000077c000000|100%| E|CS|TAMS 0x000000077a000000, 0x000000077a000000| Complete 

Card table byte_map: [0x000001f456a40000,0x000001f457040000] _byte_map_base: 0x000001f453040000

Marking Bits (Prev, Next): (CMBitMap*) 0x000001f43f9411e0, (CMBitMap*) 0x000001f43f9411a0
 Prev Bits: [0x000001f45a640000, 0x000001f45d640000)
 Next Bits: [0x000001f457640000, 0x000001f45a640000)

Polling page: 0x000001f43f0e0000

Metaspace:

Usage:
  Non-class:     44.72 MB used.
      Class:      8.14 MB used.
       Both:     52.87 MB used.

Virtual space:
  Non-class space:       48.00 MB reserved,      45.12 MB ( 94%) committed,  6 nodes.
      Class space:        1.00 GB reserved,       8.50 MB ( <1%) committed,  1 nodes.
             Both:        1.05 GB reserved,      53.62 MB (  5%) committed. 

Chunk freelists:
   Non-Class:  2.70 MB
       Class:  3.42 MB
        Both:  6.12 MB

MaxMetaspaceSize: unlimited
CompressedClassSpaceSize: 1.00 GB
Initial GC threshold: 21.00 MB
Current GC threshold: 62.19 MB
CDS: on
MetaspaceReclaimPolicy: balanced
 - commit_granule_bytes: 65536.
 - commit_granule_words: 8192.
 - virtual_space_node_default_size: 1048576.
 - enlarge_chunks_in_place: 1.
 - new_chunks_are_fully_committed: 0.
 - uncommit_free_chunks: 1.
 - use_allocation_guard: 0.
 - handle_deallocations: 1.


Internal statistics:

num_allocs_failed_limit: 9.
num_arena_births: 1176.
num_arena_deaths: 0.
num_vsnodes_births: 7.
num_vsnodes_deaths: 0.
num_space_committed: 855.
num_space_uncommitted: 0.
num_chunks_returned_to_freelist: 9.
num_chunks_taken_from_freelist: 3387.
num_chunk_merges: 9.
num_chunk_splits: 2240.
num_chunks_enlarged: 1586.
num_purges: 0.
num_inconsistent_stats: 0.

CodeHeap 'non-profiled nmethods': size=120000Kb used=12812Kb max_used=12812Kb free=107188Kb
 bounds [0x000001f44ebe0000, 0x000001f44f870000, 0x000001f456110000]
CodeHeap 'profiled nmethods': size=120000Kb used=18066Kb max_used=18667Kb free=101933Kb
 bounds [0x000001f4476b0000, 0x000001f448960000, 0x000001f44ebe0000]
CodeHeap 'non-nmethods': size=5760Kb used=2194Kb max_used=2249Kb free=3565Kb
 bounds [0x000001f447110000, 0x000001f447380000, 0x000001f4476b0000]
 total_blobs=11900 nmethods=10112 adapters=1697
 compilation: enabled
              stopped_count=0, restarted_count=0
 full_count=0

Compilation events (20 events):
Event: 140.603 Thread 0x000001f46001fd70 nmethod 17355 0x000001f447fc1610 code [0x000001f447fc1840, 0x000001f447fc21e8]
Event: 140.604 Thread 0x000001f46001c450 nmethod 17330 0x000001f44f855810 code [0x000001f44f855aa0, 0x000001f44f856f70]
Event: 140.604 Thread 0x000001f461c35740 nmethod 17335 0x000001f44f858490 code [0x000001f44f858620, 0x000001f44f858748]
Event: 140.604 Thread 0x000001f461c35740 17336       4       necesse.gfx.drawables.LevelDrawUtils::drawLastHudDrawables (15 bytes)
Event: 140.604 Thread 0x000001f46001c450 17337       4       necesse.gfx.drawables.LevelDrawUtils$$Lambda$1553/0x00000008013577a0::<init> (15 bytes)
Event: 140.606 Thread 0x000001f461c35740 nmethod 17336 0x000001f44f858910 code [0x000001f44f858aa0, 0x000001f44f858bc8]
Event: 140.606 Thread 0x000001f461c35740 17339       4       necesse.engine.Screen$1$$Lambda$1437/0x0000000801323cd0::<init> (26 bytes)
Event: 140.607 Thread 0x000001f46001c450 nmethod 17337 0x000001f44f858d10 code [0x000001f44f858e80, 0x000001f44f8590b8]
Event: 140.607 Thread 0x000001f46001c450 17328       4       necesse.engine.Screen::access$2500 (4 bytes)
Event: 140.608 Thread 0x000001f461c35740 nmethod 17339 0x000001f44f859110 code [0x000001f44f859280, 0x000001f44f8593f8]
Event: 140.616 Thread 0x000001f46001c450 nmethod 17328 0x000001f44f859490 code [0x000001f44f859640, 0x000001f44f859a48]
Event: 140.680 Thread 0x000001f461c36670 nmethod 17323 0x000001f44f859d10 code [0x000001f44f85a1a0, 0x000001f44f85cce0]
Event: 140.896 Thread 0x000001f461c36670 17356       4       necesse.level.gameObject.CactusObject$1::draw (36 bytes)
Event: 140.899 Thread 0x000001f461c36670 nmethod 17356 0x000001f44f85f310 code [0x000001f44f85f4a0, 0x000001f44f85f638]
Event: 140.911 Thread 0x000001f461c36670 17357   !   4       necesse.level.gameObject.CactusObject::addDrawables (240 bytes)
Event: 140.961 Thread 0x000001f46001fd70 17358       1       necesse.gfx.forms.FormSwitcherTyped::lambda$dispose$6 (5 bytes)
Event: 140.961 Thread 0x000001f46001fd70 nmethod 17358 0x000001f44f85f890 code [0x000001f44f85fa20, 0x000001f44f85fad8]
Event: 140.962 Thread 0x000001f46001fd70 17359       3       necesse.gfx.forms.ComponentList::disposeComponents (30 bytes)
Event: 140.962 Thread 0x000001f46001fd70 nmethod 17359 0x000001f447fc0710 code [0x000001f447fc0920, 0x000001f447fc12e8]
Event: 140.970 Thread 0x000001f461c36670 nmethod 17357 0x000001f44f85fb90 code [0x000001f44f85fe20, 0x000001f44f861900]

GC Heap History (20 events):
Event: 128.142 GC heap before
{Heap before GC invocations=121 (full 0):
 garbage-first heap   total 983040K, used 683717K [0x0000000740000000, 0x0000000800000000)
  region size 32768K, 18 young (589824K), 1 survivors (32768K)
 Metaspace       used 53885K, committed 54656K, reserved 1097728K
  class space    used 8297K, committed 8640K, reserved 1048576K
}
Event: 128.145 GC heap after
{Heap after GC invocations=122 (full 0):
 garbage-first heap   total 983040K, used 127478K [0x0000000740000000, 0x0000000800000000)
  region size 32768K, 1 young (32768K), 1 survivors (32768K)
 Metaspace       used 53885K, committed 54656K, reserved 1097728K
  class space    used 8297K, committed 8640K, reserved 1048576K
}
Event: 129.550 GC heap before
{Heap before GC invocations=122 (full 0):
 garbage-first heap   total 983040K, used 684534K [0x0000000740000000, 0x0000000800000000)
  region size 32768K, 18 young (589824K), 1 survivors (32768K)
 Metaspace       used 53886K, committed 54656K, reserved 1097728K
  class space    used 8297K, committed 8640K, reserved 1048576K
}
Event: 129.552 GC heap after
{Heap after GC invocations=123 (full 0):
 garbage-first heap   total 983040K, used 126761K [0x0000000740000000, 0x0000000800000000)
  region size 32768K, 1 young (32768K), 1 survivors (32768K)
 Metaspace       used 53886K, committed 54656K, reserved 1097728K
  class space    used 8297K, committed 8640K, reserved 1048576K
}
Event: 130.907 GC heap before
{Heap before GC invocations=123 (full 0):
 garbage-first heap   total 983040K, used 683817K [0x0000000740000000, 0x0000000800000000)
  region size 32768K, 18 young (589824K), 1 survivors (32768K)
 Metaspace       used 53896K, committed 54656K, reserved 1097728K
  class space    used 8298K, committed 8640K, reserved 1048576K
}
Event: 130.910 GC heap after
{Heap after GC invocations=124 (full 0):
 garbage-first heap   total 983040K, used 127082K [0x0000000740000000, 0x0000000800000000)
  region size 32768K, 1 young (32768K), 1 survivors (32768K)
 Metaspace       used 53896K, committed 54656K, reserved 1097728K
  class space    used 8298K, committed 8640K, reserved 1048576K
}
Event: 132.159 GC heap before
{Heap before GC invocations=124 (full 0):
 garbage-first heap   total 983040K, used 684138K [0x0000000740000000, 0x0000000800000000)
  region size 32768K, 18 young (589824K), 1 survivors (32768K)
 Metaspace       used 53897K, committed 54656K, reserved 1097728K
  class space    used 8298K, committed 8640K, reserved 1048576K
}
Event: 132.162 GC heap after
{Heap after GC invocations=125 (full 0):
 garbage-first heap   total 983040K, used 127315K [0x0000000740000000, 0x0000000800000000)
  region size 32768K, 1 young (32768K), 1 survivors (32768K)
 Metaspace       used 53897K, committed 54656K, reserved 1097728K
  class space    used 8298K, committed 8640K, reserved 1048576K
}
Event: 133.439 GC heap before
{Heap before GC invocations=125 (full 0):
 garbage-first heap   total 983040K, used 684371K [0x0000000740000000, 0x0000000800000000)
  region size 32768K, 18 young (589824K), 1 survivors (32768K)
 Metaspace       used 53897K, committed 54656K, reserved 1097728K
  class space    used 8298K, committed 8640K, reserved 1048576K
}
Event: 133.442 GC heap after
{Heap after GC invocations=126 (full 0):
 garbage-first heap   total 983040K, used 127490K [0x0000000740000000, 0x0000000800000000)
  region size 32768K, 1 young (32768K), 1 survivors (32768K)
 Metaspace       used 53897K, committed 54656K, reserved 1097728K
  class space    used 8298K, committed 8640K, reserved 1048576K
}
Event: 134.802 GC heap before
{Heap before GC invocations=126 (full 0):
 garbage-first heap   total 983040K, used 684546K [0x0000000740000000, 0x0000000800000000)
  region size 32768K, 18 young (589824K), 1 survivors (32768K)
 Metaspace       used 53941K, committed 54720K, reserved 1097728K
  class space    used 8309K, committed 8640K, reserved 1048576K
}
Event: 134.806 GC heap after
{Heap after GC invocations=127 (full 0):
 garbage-first heap   total 983040K, used 127215K [0x0000000740000000, 0x0000000800000000)
  region size 32768K, 1 young (32768K), 1 survivors (32768K)
 Metaspace       used 53941K, committed 54720K, reserved 1097728K
  class space    used 8309K, committed 8640K, reserved 1048576K
}
Event: 136.138 GC heap before
{Heap before GC invocations=127 (full 0):
 garbage-first heap   total 983040K, used 684271K [0x0000000740000000, 0x0000000800000000)
  region size 32768K, 18 young (589824K), 1 survivors (32768K)
 Metaspace       used 53947K, committed 54720K, reserved 1097728K
  class space    used 8309K, committed 8640K, reserved 1048576K
}
Event: 136.141 GC heap after
{Heap after GC invocations=128 (full 0):
 garbage-first heap   total 983040K, used 127728K [0x0000000740000000, 0x0000000800000000)
  region size 32768K, 1 young (32768K), 1 survivors (32768K)
 Metaspace       used 53947K, committed 54720K, reserved 1097728K
  class space    used 8309K, committed 8640K, reserved 1048576K
}
Event: 137.485 GC heap before
{Heap before GC invocations=128 (full 0):
 garbage-first heap   total 983040K, used 684784K [0x0000000740000000, 0x0000000800000000)
  region size 32768K, 18 young (589824K), 1 survivors (32768K)
 Metaspace       used 53948K, committed 54720K, reserved 1097728K
  class space    used 8309K, committed 8640K, reserved 1048576K
}
Event: 137.488 GC heap after
{Heap after GC invocations=129 (full 0):
 garbage-first heap   total 983040K, used 127798K [0x0000000740000000, 0x0000000800000000)
  region size 32768K, 1 young (32768K), 1 survivors (32768K)
 Metaspace       used 53948K, committed 54720K, reserved 1097728K
  class space    used 8309K, committed 8640K, reserved 1048576K
}
Event: 138.878 GC heap before
{Heap before GC invocations=129 (full 0):
 garbage-first heap   total 983040K, used 684854K [0x0000000740000000, 0x0000000800000000)
  region size 32768K, 18 young (589824K), 1 survivors (32768K)
 Metaspace       used 53952K, committed 54720K, reserved 1097728K
  class space    used 8309K, committed 8640K, reserved 1048576K
}
Event: 138.881 GC heap after
{Heap after GC invocations=130 (full 0):
 garbage-first heap   total 983040K, used 127479K [0x0000000740000000, 0x0000000800000000)
  region size 32768K, 1 young (32768K), 1 survivors (32768K)
 Metaspace       used 53952K, committed 54720K, reserved 1097728K
  class space    used 8309K, committed 8640K, reserved 1048576K
}
Event: 140.371 GC heap before
{Heap before GC invocations=130 (full 0):
 garbage-first heap   total 983040K, used 651767K [0x0000000740000000, 0x0000000800000000)
  region size 32768K, 18 young (589824K), 1 survivors (32768K)
 Metaspace       used 54130K, committed 54912K, reserved 1097728K
  class space    used 8338K, committed 8704K, reserved 1048576K
}
Event: 140.383 GC heap after
{Heap after GC invocations=131 (full 0):
 garbage-first heap   total 983040K, used 142946K [0x0000000740000000, 0x0000000800000000)
  region size 32768K, 1 young (32768K), 1 survivors (32768K)
 Metaspace       used 54130K, committed 54912K, reserved 1097728K
  class space    used 8338K, committed 8704K, reserved 1048576K
}

Deoptimization events (20 events):
Event: 140.962 Thread 0x000001f498d056e0 Uncommon trap: trap_request=0xffffff45 fr.pc=0x000001f44f7160a4 relative=0x0000000000000884
Event: 140.962 Thread 0x000001f498d073c0 Uncommon trap: reason=unstable_if action=reinterpret pc=0x000001f44f7160a4 method=java.util.concurrent.ThreadPoolExecutor.runWorker(Ljava/util/concurrent/ThreadPoolExecutor$Worker;)V @ 31 c2
Event: 140.962 Thread 0x000001f498d08230 DEOPT UNPACKING pc=0x000001f4471623a3 sp=0x000000e6fc7ff120 mode 2
Event: 140.962 Thread 0x000001f498d09a40 Uncommon trap: reason=unstable_if action=reinterpret pc=0x000001f44f7160a4 method=java.util.concurrent.ThreadPoolExecutor.runWorker(Ljava/util/concurrent/ThreadPoolExecutor$Worker;)V @ 31 c2
Event: 140.962 Thread 0x000001f498d08700 Uncommon trap: reason=unstable_if action=reinterpret pc=0x000001f44f7160a4 method=java.util.concurrent.ThreadPoolExecutor.runWorker(Ljava/util/concurrent/ThreadPoolExecutor$Worker;)V @ 31 c2
Event: 140.962 Thread 0x000001f498d056e0 Uncommon trap: reason=unstable_if action=reinterpret pc=0x000001f44f7160a4 method=java.util.concurrent.ThreadPoolExecutor.runWorker(Ljava/util/concurrent/ThreadPoolExecutor$Worker;)V @ 31 c2
Event: 140.962 Thread 0x000001f498d03530 Uncommon trap: trap_request=0xffffff45 fr.pc=0x000001f44f7160a4 relative=0x0000000000000884
Event: 140.962 Thread 0x000001f498d05210 DEOPT PACKING pc=0x000001f44f7160a4 sp=0x000000e6fe6ff060
Event: 140.962 Thread 0x000001f498d073c0 DEOPT PACKING pc=0x000001f44f7160a4 sp=0x000000e6fe1ff610
Event: 140.962 Thread 0x000001f498d03530 Uncommon trap: reason=unstable_if action=reinterpret pc=0x000001f44f7160a4 method=java.util.concurrent.ThreadPoolExecutor.runWorker(Ljava/util/concurrent/ThreadPoolExecutor$Worker;)V @ 31 c2
Event: 140.962 Thread 0x000001f498d05210 DEOPT UNPACKING pc=0x000001f4471623a3 sp=0x000000e6fe6ff020 mode 2
Event: 140.962 Thread 0x000001f498d073c0 DEOPT UNPACKING pc=0x000001f4471623a3 sp=0x000000e6fe1ff5d0 mode 2
Event: 140.962 Thread 0x000001f498d09a40 DEOPT PACKING pc=0x000001f44f7160a4 sp=0x000000e6fe0ff340
Event: 140.962 Thread 0x000001f498d08700 DEOPT PACKING pc=0x000001f44f7160a4 sp=0x000000e6fe7ff310
Event: 140.962 Thread 0x000001f498d09a40 DEOPT UNPACKING pc=0x000001f4471623a3 sp=0x000000e6fe0ff300 mode 2
Event: 140.962 Thread 0x000001f498d08700 DEOPT UNPACKING pc=0x000001f4471623a3 sp=0x000000e6fe7ff2d0 mode 2
Event: 140.962 Thread 0x000001f498d056e0 DEOPT PACKING pc=0x000001f44f7160a4 sp=0x000000e6fe8fef80
Event: 140.962 Thread 0x000001f498d056e0 DEOPT UNPACKING pc=0x000001f4471623a3 sp=0x000000e6fe8fef40 mode 2
Event: 140.963 Thread 0x000001f498d03530 DEOPT PACKING pc=0x000001f44f7160a4 sp=0x000000e6fe5ff090
Event: 140.963 Thread 0x000001f498d03530 DEOPT UNPACKING pc=0x000001f4471623a3 sp=0x000000e6fe5ff050 mode 2

Classes unloaded (0 events):
No events

Classes redefined (2 events):
Event: 4.482 Thread 0x000001f45ffed7a0 redefined class name=necesse.inventory.item.toolItem.miscToolItem.NetToolItem, count=1
Event: 4.500 Thread 0x000001f45ffed7a0 redefined class name=soulchasm.main.Misc.MethodPatch.nettoolmethodpatch, count=1

Internal exceptions (20 events):
Event: 80.800 Thread 0x000001f4991f70c0 Exception <a 'sun/nio/fs/WindowsException'{0x000000075cc3a148}> (0x000000075cc3a148) 
thrown [t:\workspace\open\src\hotspot\share\prims\jni.cpp, line 516]
Event: 80.800 Thread 0x000001f4991f70c0 Exception <a 'sun/nio/fs/WindowsException'{0x000000075cc3b808}> (0x000000075cc3b808) 
thrown [t:\workspace\open\src\hotspot\share\prims\jni.cpp, line 516]
Event: 80.812 Thread 0x000001f498d07d60 Exception <a 'sun/nio/fs/WindowsException'{0x000000075d6e7c38}> (0x000000075d6e7c38) 
thrown [t:\workspace\open\src\hotspot\share\prims\jni.cpp, line 516]
Event: 97.223 Thread 0x000001f43f905350 Implicit null exception at 0x000001f44f3115f5 to 0x000001f44f311858
Event: 98.904 Thread 0x000001f43f905350 Implicit null exception at 0x000001f44f22d2dd to 0x000001f44f22da61
Event: 98.951 Thread 0x000001f4991f70c0 Exception <a 'java/lang/NoSuchMethodError'{0x000000076c50d7a0}: 'java.lang.Object java.lang.invoke.DirectMethodHandle$Holder.newInvokeSpecial(java.lang.Object, java.lang.Object, java.lang.Object, float, java.lang.Object)'> (0x000000076c50d7a0) 
thrown [t:\workspace\open\src\hotspot\share\interpreter\linkResolver.cpp, line 766]
Event: 98.951 Thread 0x000001f4991f70c0 Exception <a 'java/lang/NoSuchMethodError'{0x000000076c514fe8}: 'java.lang.Object java.lang.invoke.Invokers$Holder.linkToTargetMethod(java.lang.Object, java.lang.Object, float, java.lang.Object, java.lang.Object)'> (0x000000076c514fe8) 
thrown [t:\workspace\open\src\hotspot\share\interpreter\linkResolver.cpp, line 766]
Event: 137.786 Thread 0x000001f43f905350 Implicit null exception at 0x000001f44823036c to 0x000001f4482308c8
Event: 137.786 Thread 0x000001f43f905350 Exception <a 'java/lang/NullPointerException'{0x00000007745d6348}> (0x00000007745d6348) 
thrown [t:\workspace\open\src\hotspot\share\runtime\sharedRuntime.cpp, line 628]
Event: 139.397 Thread 0x000001f4991f70c0 Exception <a 'sun/nio/fs/WindowsException'{0x000000076a8b5738}> (0x000000076a8b5738) 
thrown [t:\workspace\open\src\hotspot\share\prims\jni.cpp, line 516]
Event: 139.399 Thread 0x000001f4991f70c0 Exception <a 'sun/nio/fs/WindowsException'{0x000000076a8b5928}> (0x000000076a8b5928) 
thrown [t:\workspace\open\src\hotspot\share\prims\jni.cpp, line 516]
Event: 139.587 Thread 0x000001f498d09a40 Implicit null exception at 0x000001f44f6af94e to 0x000001f44f6b0510
Event: 139.587 Thread 0x000001f43f905350 Implicit null exception at 0x000001f44f7c4cce to 0x000001f44f7c4f20
Event: 139.589 Thread 0x000001f498d0a3e0 Implicit null exception at 0x000001f44f6b9884 to 0x000001f44f6ba1d0
Event: 139.618 Thread 0x000001f4991f7590 Implicit null exception at 0x000001f44f4f5163 to 0x000001f44f4f5b60
Event: 139.618 Thread 0x000001f48daa2650 Implicit null exception at 0x000001f44f4f5163 to 0x000001f44f4f5b60
Event: 139.618 Thread 0x000001f48daa34c0 Implicit null exception at 0x000001f44f4f5163 to 0x000001f44f4f5b60
Event: 139.618 Thread 0x000001f48daa4800 Implicit null exception at 0x000001f44f4f5163 to 0x000001f44f4f5b60
Event: 139.618 Thread 0x000001f48daa5670 Implicit null exception at 0x000001f44f4f5163 to 0x000001f44f4f5b60
Event: 139.623 Thread 0x000001f43f905350 Implicit null exception at 0x000001f44f7a8e4b to 0x000001f44f7aa120

VM Operations (20 events):
Event: 133.439 Executing VM operation: G1CollectForAllocation
Event: 133.442 Executing VM operation: G1CollectForAllocation done
Event: 134.802 Executing VM operation: G1CollectForAllocation
Event: 134.806 Executing VM operation: G1CollectForAllocation done
Event: 135.812 Executing VM operation: Cleanup
Event: 135.812 Executing VM operation: Cleanup done
Event: 136.138 Executing VM operation: G1CollectForAllocation
Event: 136.141 Executing VM operation: G1CollectForAllocation done
Event: 137.153 Executing VM operation: Cleanup
Event: 137.153 Executing VM operation: Cleanup done
Event: 137.485 Executing VM operation: G1CollectForAllocation
Event: 137.488 Executing VM operation: G1CollectForAllocation done
Event: 138.489 Executing VM operation: Cleanup
Event: 138.489 Executing VM operation: Cleanup done
Event: 138.878 Executing VM operation: G1CollectForAllocation
Event: 138.881 Executing VM operation: G1CollectForAllocation done
Event: 139.402 Executing VM operation: HandshakeAllThreads
Event: 139.402 Executing VM operation: HandshakeAllThreads done
Event: 140.371 Executing VM operation: G1CollectForAllocation
Event: 140.383 Executing VM operation: G1CollectForAllocation done

Events (20 events):
Event: 139.618 Thread 0x000001f48daa34c0 Thread exited: 0x000001f48daa34c0
Event: 139.618 Thread 0x000001f48daa1cb0 Thread exited: 0x000001f48daa1cb0
Event: 139.618 Thread 0x000001f4991f7a60 Thread exited: 0x000001f4991f7a60
Event: 139.618 Thread 0x000001f48daa4800 Thread exited: 0x000001f48daa4800
Event: 139.618 Thread 0x000001f48daa5670 Thread exited: 0x000001f48daa5670
Event: 139.681 Thread 0x000001f498d073c0 Thread added: 0x000001f498d073c0
Event: 139.835 Thread 0x000001f498d03530 Thread added: 0x000001f498d03530
Event: 139.952 Thread 0x000001f498d05210 Thread added: 0x000001f498d05210
Event: 140.151 Thread 0x000001f498d08700 Thread added: 0x000001f498d08700
Event: 140.152 Thread 0x000001f498d056e0 Thread added: 0x000001f498d056e0
Event: 140.896 Thread 0x000001f461c35740 Thread exited: 0x000001f461c35740
Event: 140.962 Thread 0x000001f498d0a3e0 Thread exited: 0x000001f498d0a3e0
Event: 140.962 Thread 0x000001f498d08230 Thread exited: 0x000001f498d08230
Event: 140.962 Thread 0x000001f498d04d40 Thread exited: 0x000001f498d04d40
Event: 140.963 Thread 0x000001f498d05210 Thread exited: 0x000001f498d05210
Event: 140.963 Thread 0x000001f498d09a40 Thread exited: 0x000001f498d09a40
Event: 140.963 Thread 0x000001f498d073c0 Thread exited: 0x000001f498d073c0
Event: 140.963 Thread 0x000001f498d08700 Thread exited: 0x000001f498d08700
Event: 140.963 Thread 0x000001f498d056e0 Thread exited: 0x000001f498d056e0
Event: 140.963 Thread 0x000001f498d03530 Thread exited: 0x000001f498d03530


Dynamic libraries:
0x00007ff7b4910000 - 0x00007ff7b4920000 	C:\Program Files\Java\jdk-17\bin\java.exe
0x00007ffa26a70000 - 0x00007ffa26c68000 	C:\WINDOWS\SYSTEM32\ntdll.dll
0x00007ffa25290000 - 0x00007ffa2534d000 	C:\WINDOWS\System32\KERNEL32.DLL
0x00007ffa24650000 - 0x00007ffa24946000 	C:\WINDOWS\System32\KERNELBASE.dll
0x00007ffa24350000 - 0x00007ffa24450000 	C:\WINDOWS\System32\ucrtbase.dll
0x00007ffa1c9e0000 - 0x00007ffa1c9f8000 	C:\Program Files\Java\jdk-17\bin\jli.dll
0x00007ffa1fd30000 - 0x00007ffa1fd4a000 	C:\Program Files\Java\jdk-17\bin\VCRUNTIME140.dll
0x00007ffa25c40000 - 0x00007ffa25cf3000 	C:\WINDOWS\System32\ADVAPI32.dll
0x00007ffa26770000 - 0x00007ffa2680e000 	C:\WINDOWS\System32\msvcrt.dll
0x00007ffa24b90000 - 0x00007ffa24c2f000 	C:\WINDOWS\System32\sechost.dll
0x00007ffa26110000 - 0x00007ffa26236000 	C:\WINDOWS\System32\RPCRT4.dll
0x00007ffa24a00000 - 0x00007ffa24a27000 	C:\WINDOWS\System32\bcrypt.dll
0x00007ffa26880000 - 0x00007ffa26a1e000 	C:\WINDOWS\System32\USER32.dll
0x00007ffa24a30000 - 0x00007ffa24a52000 	C:\WINDOWS\System32\win32u.dll
0x00007ffa1bf80000 - 0x00007ffa1c21a000 	C:\WINDOWS\WinSxS\amd64_microsoft.windows.common-controls_6595b64144ccf1df_6.0.19041.3636_none_60b6a03d71f818d5\COMCTL32.dll
0x00007ffa26740000 - 0x00007ffa2676b000 	C:\WINDOWS\System32\GDI32.dll
0x00007ffa241a0000 - 0x00007ffa242b7000 	C:\WINDOWS\System32\gdi32full.dll
0x00007ffa245b0000 - 0x00007ffa2464d000 	C:\WINDOWS\System32\msvcp_win.dll
0x00007ffa1a5d0000 - 0x00007ffa1a5da000 	C:\WINDOWS\SYSTEM32\VERSION.dll
0x00007ffa24dc0000 - 0x00007ffa24df2000 	C:\WINDOWS\System32\IMM32.DLL
0x00007ffa1fd10000 - 0x00007ffa1fd1c000 	C:\Program Files\Java\jdk-17\bin\vcruntime140_1.dll
0x00007ffa08a10000 - 0x00007ffa08a9d000 	C:\Program Files\Java\jdk-17\bin\msvcp140.dll
0x00007ff9d9b50000 - 0x00007ff9da70e000 	C:\Program Files\Java\jdk-17\bin\server\jvm.dll
0x00007ffa26a20000 - 0x00007ffa26a28000 	C:\WINDOWS\System32\PSAPI.DLL
0x00007ffa1a5a0000 - 0x00007ffa1a5c7000 	C:\WINDOWS\SYSTEM32\WINMM.dll
0x00007ffa1ef30000 - 0x00007ffa1ef39000 	C:\WINDOWS\SYSTEM32\WSOCK32.dll
0x00007ffa26810000 - 0x00007ffa2687b000 	C:\WINDOWS\System32\WS2_32.dll
0x00007ffa21fe0000 - 0x00007ffa21ff2000 	C:\WINDOWS\SYSTEM32\kernel.appcore.dll
0x00007ffa1ef10000 - 0x00007ffa1ef1a000 	C:\Program Files\Java\jdk-17\bin\jimage.dll
0x00007ffa17740000 - 0x00007ffa17924000 	C:\WINDOWS\SYSTEM32\DBGHELP.DLL
0x00007ffa17700000 - 0x00007ffa17734000 	C:\WINDOWS\SYSTEM32\dbgcore.DLL
0x00007ffa242c0000 - 0x00007ffa24342000 	C:\WINDOWS\System32\bcryptPrimitives.dll
0x00007ffa1c9b0000 - 0x00007ffa1c9d5000 	C:\Program Files\Java\jdk-17\bin\java.dll
0x00007ff9f3100000 - 0x00007ff9f31d6000 	C:\Program Files\Java\jdk-17\bin\svml.dll
0x00007ffa25400000 - 0x00007ffa25b45000 	C:\WINDOWS\System32\SHELL32.dll
0x00007ffa221e0000 - 0x00007ffa2297c000 	C:\WINDOWS\SYSTEM32\windows.storage.dll
0x00007ffa24e00000 - 0x00007ffa25154000 	C:\WINDOWS\System32\combase.dll
0x00007ffa23af0000 - 0x00007ffa23b1e000 	C:\WINDOWS\SYSTEM32\Wldp.dll
0x00007ffa26040000 - 0x00007ffa2610d000 	C:\WINDOWS\System32\OLEAUT32.dll
0x00007ffa25350000 - 0x00007ffa253fd000 	C:\WINDOWS\System32\SHCORE.dll
0x00007ffa266e0000 - 0x00007ffa26735000 	C:\WINDOWS\System32\shlwapi.dll
0x00007ffa24060000 - 0x00007ffa24085000 	C:\WINDOWS\SYSTEM32\profapi.dll
0x00007ffa089f0000 - 0x00007ffa08a09000 	C:\Program Files\Java\jdk-17\bin\net.dll
0x00007ffa1d580000 - 0x00007ffa1d68a000 	C:\WINDOWS\SYSTEM32\WINHTTP.dll
0x00007ffa23850000 - 0x00007ffa238ba000 	C:\WINDOWS\system32\mswsock.dll
0x00007ffa089d0000 - 0x00007ffa089e5000 	C:\Program Files\Java\jdk-17\bin\nio.dll
0x00007ffa08970000 - 0x00007ffa08988000 	C:\Program Files\Java\jdk-17\bin\zip.dll
0x00007ffa16550000 - 0x00007ffa16560000 	C:\Program Files\Java\jdk-17\bin\verify.dll
0x00007ffa23a40000 - 0x00007ffa23a58000 	C:\WINDOWS\SYSTEM32\CRYPTSP.dll
0x00007ffa23180000 - 0x00007ffa231b4000 	C:\WINDOWS\system32\rsaenh.dll
0x00007ffa23fe0000 - 0x00007ffa2400e000 	C:\WINDOWS\SYSTEM32\USERENV.dll
0x00007ffa23a60000 - 0x00007ffa23a6c000 	C:\WINDOWS\SYSTEM32\CRYPTBASE.dll
0x00007ffa23540000 - 0x00007ffa2357b000 	C:\WINDOWS\SYSTEM32\IPHLPAPI.DLL
0x00007ffa26260000 - 0x00007ffa26268000 	C:\WINDOWS\System32\NSI.dll
0x00007ffa1dd10000 - 0x00007ffa1dd27000 	C:\WINDOWS\SYSTEM32\dhcpcsvc6.DLL
0x00007ffa1df00000 - 0x00007ffa1df1d000 	C:\WINDOWS\SYSTEM32\dhcpcsvc.DLL
0x00007ffa23580000 - 0x00007ffa2364b000 	C:\WINDOWS\SYSTEM32\DNSAPI.dll
0x00007ffa16b90000 - 0x00007ffa16bd5000 	C:\Program Files (x86)\Steam\steamapps\common\Necesse\natives\jna9423522113597650411.dll
0x00007ffa25d60000 - 0x00007ffa25e8b000 	C:\WINDOWS\System32\Ole32.dll
0x00007ffa24c30000 - 0x00007ffa24cd9000 	C:\WINDOWS\System32\clbcatq.dll
0x00007ffa13c60000 - 0x00007ffa13c7f000 	C:\WINDOWS\SYSTEM32\amsi.dll
0x00007ffa10ce0000 - 0x00007ffa10d5c000 	C:\ProgramData\Microsoft\Windows Defender\Platform\4.18.23110.3-0\MpOav.dll
0x00007ffa1f7c0000 - 0x00007ffa1f7c9000 	C:\Program Files\Java\jdk-17\bin\management.dll
0x00007ffa1ef40000 - 0x00007ffa1ef4b000 	C:\Program Files\Java\jdk-17\bin\management_ext.dll
0x00007ffa14080000 - 0x00007ffa140f5000 	C:\Program Files (x86)\Steam\steamapps\common\Necesse\natives\lwjgl.dll
0x00007ffa14030000 - 0x00007ffa1407d000 	C:\Program Files (x86)\Steam\steamapps\common\Necesse\natives\steam_api64.dll
0x00007ffa13fd0000 - 0x00007ffa14023000 	C:\Program Files (x86)\Steam\steamapps\common\Necesse\natives\steamworks4j64.dll
0x00007ff9d84e0000 - 0x00007ff9d9b45000 	C:\Program Files (x86)\Steam\steamclient64.dll
0x00007ffa24450000 - 0x00007ffa245ad000 	C:\WINDOWS\System32\CRYPT32.dll
0x00007ffa26240000 - 0x00007ffa2625d000 	C:\WINDOWS\System32\imagehlp.dll
0x00007ffa26270000 - 0x00007ffa266de000 	C:\WINDOWS\System32\SETUPAPI.dll
0x00007ffa24a60000 - 0x00007ffa24aae000 	C:\WINDOWS\System32\cfgmgr32.dll
0x00007ffa0cfa0000 - 0x00007ffa0cfac000 	C:\WINDOWS\SYSTEM32\Secur32.dll
0x00007ff9f3d20000 - 0x00007ff9f3eb7000 	C:\Program Files (x86)\Steam\tier0_s64.dll
0x00007ffa088b0000 - 0x00007ffa08962000 	C:\Program Files (x86)\Steam\vstdlib_s64.dll
0x00007ffa24010000 - 0x00007ffa24042000 	C:\WINDOWS\SYSTEM32\SSPICLI.DLL
0x00007ff9f3b90000 - 0x00007ff9f3d1f000 	C:\Program Files (x86)\Steam\gameoverlayrenderer64.dll
0x00007ffa13f60000 - 0x00007ffa13fc1000 	C:\Program Files (x86)\Steam\steamapps\common\Necesse\natives\glfw.dll
0x00007ffa02670000 - 0x00007ffa026b5000 	C:\WINDOWS\SYSTEM32\dinput8.dll
0x00007ffa1c800000 - 0x00007ffa1c952000 	C:\WINDOWS\SYSTEM32\inputhost.dll
0x00007ffa216f0000 - 0x00007ffa217e2000 	C:\WINDOWS\SYSTEM32\CoreMessaging.dll
0x00007ffa20cc0000 - 0x00007ffa20e15000 	C:\WINDOWS\SYSTEM32\wintypes.dll
0x00007ffa21390000 - 0x00007ffa216eb000 	C:\WINDOWS\SYSTEM32\CoreUIComponents.dll
0x00007ffa1fa40000 - 0x00007ffa1fb36000 	C:\WINDOWS\SYSTEM32\PROPSYS.dll
0x00007ffa232a0000 - 0x00007ffa232d3000 	C:\WINDOWS\SYSTEM32\ntmarta.dll
0x00007ffa17c70000 - 0x00007ffa17c81000 	C:\WINDOWS\SYSTEM32\xinput1_4.dll
0x00007ffa23e70000 - 0x00007ffa23ea3000 	C:\WINDOWS\SYSTEM32\DEVOBJ.dll
0x00007ffa21ed0000 - 0x00007ffa21eff000 	C:\WINDOWS\SYSTEM32\dwmapi.dll
0x00007ffa21ad0000 - 0x00007ffa21b6e000 	C:\WINDOWS\system32\uxtheme.dll
0x00007ffa25160000 - 0x00007ffa25274000 	C:\WINDOWS\System32\MSCTF.dll
0x00007ff9f3a00000 - 0x00007ff9f3b8f000 	C:\Program Files\Java\jdk-17\bin\awt.dll
0x00007ffa21930000 - 0x00007ffa219c0000 	C:\WINDOWS\SYSTEM32\apphelp.dll
0x00007ff9f3350000 - 0x00007ff9f3475000 	C:\WINDOWS\SYSTEM32\opengl32.dll
0x00007ffa08990000 - 0x00007ffa089bc000 	C:\WINDOWS\SYSTEM32\GLU32.dll
0x00007ffa09070000 - 0x00007ffa0909e000 	C:\WINDOWS\System32\DriverStore\FileRepository\u0397033.inf_amd64_bf2b1fc18ba7195d\B396953\atig6pxx.dll
0x00007ff9cf950000 - 0x00007ff9d3e2f000 	C:\WINDOWS\System32\DriverStore\FileRepository\u0397033.inf_amd64_bf2b1fc18ba7195d\B396953\atio6axx.dll
0x00007ffa185a0000 - 0x00007ffa185d5000 	C:\WINDOWS\SYSTEM32\amdihk64.dll
0x00007ffa24130000 - 0x00007ffa24197000 	C:\WINDOWS\System32\WINTRUST.dll
0x00007ffa23c80000 - 0x00007ffa23c92000 	C:\WINDOWS\System32\MSASN1.dll
0x00007ffa229e0000 - 0x00007ffa22ad3000 	C:\WINDOWS\system32\dxgi.dll
0x00007ff9fe1a0000 - 0x00007ff9fe1c5000 	C:\WINDOWS\system32\d3d12.dll
0x00007ff9cb370000 - 0x00007ff9cf94b000 	C:\WINDOWS\System32\DriverStore\FileRepository\u0397033.inf_amd64_bf2b1fc18ba7195d\B396953\amdxc64.dll
0x00007ff9f2f30000 - 0x00007ff9f30fd000 	C:\WINDOWS\system32\D3D12Core.dll
0x00007ffa1a820000 - 0x00007ffa1a85b000 	C:\WINDOWS\SYSTEM32\dxcore.dll
0x00007ffa18570000 - 0x00007ffa1859a000 	C:\WINDOWS\SYSTEM32\D3DSCache.dll
0x00007ffa1da70000 - 0x00007ffa1dc73000 	C:\WINDOWS\SYSTEM32\twinapi.appcore.dll
0x00007ffa20e20000 - 0x00007ffa21003000 	C:\WINDOWS\SYSTEM32\dcomp.dll
0x00007ffa20030000 - 0x00007ffa20293000 	C:\WINDOWS\SYSTEM32\d3d11.dll
0x00007ffa1a5e0000 - 0x00007ffa1a79b000 	C:\WINDOWS\System32\DriverStore\FileRepository\u0397033.inf_amd64_bf2b1fc18ba7195d\B396953\aticfx64.dll
0x00007ffa1a560000 - 0x00007ffa1a599000 	C:\WINDOWS\System32\DriverStore\FileRepository\u0397033.inf_amd64_bf2b1fc18ba7195d\B396953\atiuxp64.dll
0x00007ffa185e0000 - 0x00007ffa1a552000 	C:\WINDOWS\System32\DriverStore\FileRepository\u0397033.inf_amd64_bf2b1fc18ba7195d\B396953\atidxx64.dll
0x00007ffa104d0000 - 0x00007ffa10555000 	C:\WINDOWS\System32\MMDevApi.dll
0x00007ffa0c2e0000 - 0x00007ffa0c462000 	C:\WINDOWS\SYSTEM32\AUDIOSES.DLL
0x00007ffa23f90000 - 0x00007ffa23fdb000 	C:\WINDOWS\SYSTEM32\powrprof.dll
0x00007ffa23f70000 - 0x00007ffa23f82000 	C:\WINDOWS\SYSTEM32\UMPDC.dll
0x00007ff9fe140000 - 0x00007ff9fe19d000 	C:\Program Files (x86)\Steam\steamapps\common\Necesse\natives\lwjgl_opengl.dll
0x00007ffa1e380000 - 0x00007ffa1e479000 	C:\WINDOWS\SYSTEM32\textinputframework.dll
0x00007ff9f48b0000 - 0x00007ff9f4931000 	C:\Program Files (x86)\Steam\steamapps\common\Necesse\natives\lwjgl_stb.dll
0x00007ffa1fbe0000 - 0x00007ffa1fc8e000 	C:\WINDOWS\SYSTEM32\mscms.dll
0x00007ffa1fbb0000 - 0x00007ffa1fbc1000 	C:\WINDOWS\SYSTEM32\ColorAdapterClient.dll
0x00007ff9f96d0000 - 0x00007ff9f9713000 	C:\WINDOWS\SYSTEM32\icm32.dll
0x00007ff9dfef0000 - 0x00007ff9e0087000 	C:\Program Files (x86)\Steam\steamapps\common\Necesse\natives\OpenAL.dll
0x00007ffa21bf0000 - 0x00007ffa21c04000 	C:\WINDOWS\SYSTEM32\resourcepolicyclient.dll
0x00007ffa1e750000 - 0x00007ffa1e75e000 	C:\Program Files\Java\jdk-17\bin\instrument.dll

dbghelp: loaded successfully - version: 4.0.5 - missing functions: none
symbol engine: initialized successfully - sym options: 0x614 - pdb path: .;C:\Program Files\Java\jdk-17\bin;C:\WINDOWS\SYSTEM32;C:\WINDOWS\WinSxS\amd64_microsoft.windows.common-controls_6595b64144ccf1df_6.0.19041.3636_none_60b6a03d71f818d5;C:\Program Files\Java\jdk-17\bin\server;C:\Program Files (x86)\Steam\steamapps\common\Necesse\natives;C:\ProgramData\Microsoft\Windows Defender\Platform\4.18.23110.3-0;C:\Program Files (x86)\Steam;C:\WINDOWS\System32\DriverStore\FileRepository\u0397033.inf_amd64_bf2b1fc18ba7195d\B396953

VM Arguments:
jvm_args: -XX:+UnlockExperimentalVMOptions -XX:+UseG1GC -XX:G1NewSizePercent=20 -XX:G1ReservePercent=20 -XX:MaxGCPauseMillis=50 -XX:G1HeapRegionSize=32M -Xms512m -Xmx3G -Dfile.encoding=windows-1250 -Duser.country=PL -Duser.language=pl -Duser.variant 
java_command: StartClient -dev 1 -mod build/jar/
java_class_path (initial): C:\Program Files (x86)\Steam\steamapps\common\Necesse\Necesse.jar
Launcher Type: SUN_STANDARD

[Global flags]
     intx CICompilerCount                          = 4                                         {product} {ergonomic}
     uint ConcGCThreads                            = 2                                         {product} {ergonomic}
     uint G1ConcRefinementThreads                  = 8                                         {product} {ergonomic}
     uint G1EagerReclaimRemSetThreshold            = 256                                  {experimental} {ergonomic}
   size_t G1HeapRegionSize                         = 33554432                                  {product} {command line}
    uintx G1NewSizePercent                         = 20                                   {experimental} {command line}
    uintx G1ReservePercent                         = 20                                        {product} {command line}
    uintx GCDrainStackTargetSize                   = 64                                        {product} {ergonomic}
   size_t InitialHeapSize                          = 536870912                                 {product} {command line}
   size_t MarkStackSize                            = 4194304                                   {product} {ergonomic}
    uintx MaxGCPauseMillis                         = 50                                        {product} {command line}
   size_t MaxHeapSize                              = 3221225472                                {product} {command line}
   size_t MaxNewSize                               = 1912602624                                {product} {ergonomic}
   size_t MinHeapDeltaBytes                        = 33554432                                  {product} {ergonomic}
   size_t MinHeapSize                              = 536870912                                 {product} {command line}
    uintx NonNMethodCodeHeapSize                   = 5839372                                {pd product} {ergonomic}
    uintx NonProfiledCodeHeapSize                  = 122909434                              {pd product} {ergonomic}
    uintx ProfiledCodeHeapSize                     = 122909434                              {pd product} {ergonomic}
    uintx ReservedCodeCacheSize                    = 251658240                              {pd product} {ergonomic}
     bool SegmentedCodeCache                       = true                                      {product} {ergonomic}
   size_t SoftMaxHeapSize                          = 3221225472                             {manageable} {ergonomic}
     bool UnlockExperimentalVMOptions              = true                                 {experimental} {command line}
     bool UseCompressedClassPointers               = true                           {product lp64_product} {ergonomic}
     bool UseCompressedOops                        = true                           {product lp64_product} {ergonomic}
     bool UseG1GC                                  = true                                      {product} {command line}
     bool UseLargePagesIndividualAllocation        = false                                  {pd product} {ergonomic}

Logging:
Log output configuration:
 #0: stdout all=warning uptime,level,tags
 #1: stderr all=off uptime,level,tags

Environment Variables:
PATH=C:\Program Files\Common Files\Oracle\Java\javapath;C:\Program Files (x86)\Common Files\Oracle\Java\javapath;C:\Windows\system32;C:\Windows;C:\Windows\System32\Wbem;C:\Windows\System32\WindowsPowerShell\v1.0\;C:\Windows\System32\OpenSSH\;C:\Program Files\NVIDIA Corporation\NVIDIA NvDLISR;C:\WINDOWS\system32;C:\WINDOWS;C:\WINDOWS\System32\Wbem;C:\WINDOWS\System32\WindowsPowerShell\v1.0\;C:\WINDOWS\System32\OpenSSH\;C:\Program Files (x86)\NVIDIA Corporation\PhysX\Common;C:\Program Files\dotnet\;C:\Ninja;C:\Program Files\Airshipper\;C:\Program Files\Git\cmd;C:\Users\Asus\AppData\Local\Microsoft\WindowsApps;C:\Program Files\JetBrains\PyCharm Community Edition 2022.1.3\bin;;C:\Users\Asus\.dotnet\tools;C:\Program Files\CMake\bin;C:\Users\Asus\Desktop\platform-tools;C:\Users\Asus\AppData\Local\GitHubDesktop\bin
USERNAME=Asus
OS=Windows_NT
PROCESSOR_IDENTIFIER=AMD64 Family 23 Model 24 Stepping 1, AuthenticAMD



---------------  S Y S T E M  ---------------

OS:
 Windows 10 , 64 bit Build 19041 (10.0.19041.3636)
OS uptime: 1 days 18:35 hours

CPU: total 8 (initial active 8) (8 cores per cpu, 2 threads per core) family 23 model 24 stepping 1 microcode 0x0, cx8, cmov, fxsr, ht, mmx, 3dnowpref, sse, sse2, sse3, ssse3, sse4a, sse4.1, sse4.2, popcnt, lzcnt, tsc, tscinvbit, avx, avx2, aes, clmul, bmi1, bmi2, adx, sha, fma, vzeroupper, clflush, clflushopt

Memory: 4k page, system-wide physical 16192M (5461M free)
TotalPageFile size 18880M (AvailPageFile size 4961M)
current process WorkingSet (physical memory assigned to process): 2471M, peak: 2659M
current process commit charge ("private bytes"): 2700M, peak: 2888M

vm_info: Java HotSpot(TM) 64-Bit Server VM (17+35-LTS-2724) for windows-amd64 JRE (17+35-LTS-2724), built on Aug  5 2021 23:28:28 by "mach5one" with MS VC++ 16.8 (VS2019)

END.
